#### You will be asked to enter your username and password numerous times during the discovery process

#### This process usually takes about 12 to 15 minutes to complete all discovery scripts. Please Do Not Stop Monitoring the discovery
#### Or you will miss when it prompts you multiple times for your username and password!! Keep your password copied to your clipboard

####         Do this via an encrypted database like KeepPass or an unsaved text file, e.g. not written to disk
______________________________________________
   
Enter username:    
   
______________________________________________
   
   
______________________________________________
   
####    ////////// Password will be hidden ///////////
#### Please copy and input your password from an unsaved text file, e.g. not written to disk, a or secure database like KeepPass
   
   
______________________________________________
   
   
Enter Seed IP:    
______________________________________________
   
*** Program is running.....
   
*** Be patient and wait for the program to complete
   
*** This might take a long time, depending on the size of the network.....
   
*** This usually takes about 10 to 15 minutes.....
   
*** Starting on Seed Device.....
   
*** Progress feedback will be provided at each level.....
______________________________________________
   
   
.... 
.... 
.... 
.... Seed Device Almost Complete....
   
** Completed device 10.139.1.1
   
______________________________________________
   
** Second level has cdp neighbors. Standby while connecting to Second level devices.....
_____________________________________________
 __  __            _               _        
|  \/  |          (_)             | |       
| \  / | _____   ___ _ __   __ _  | |_ ___  
| |\/| |/ _ \ \ / / | '_ \ / _` | | __/ _ \ 
| |  | | (_) \ V /| | | | | (_| | | || (_) |
|_|  |_|\___/ \_/ |_|_| |_|\__, |  \__\___/ 
                            __/ |           
                           |___/            
 _   _           _     _                    _
| \ | |         | |   | |                  | |
|  \| | _____  _| |_  | |     _____   _____| |
| . ` |/ _ \ \/ / __| | |    / _ \ \ / / _ \ |
| |\  |  __/>  <| |_  | |___|  __/\ V /  __/ |
|_| \_|\___/_/\_ \__| |______\___| \_/ \___|_|
______________________________________________
.... 
.... 
.... 
.... 
   
* Authentication Error for 10.129.143.2
   
.... 
.... 
.... 
.... 
.... 
.... 
.... 
.... 
   
** Completed device 10.139.0.240
   
** Completed device 10.139.0.254
   
** Completed device 10.139.0.243
   
** Completed device 10.139.0.241
   
*** Wrapping Up Second Level Devices...Preparing Third Level Connections.....
______________________________________________
 __  __            _               _        
|  \/  |          (_)             | |       
| \  / | _____   ___ _ __   __ _  | |_ ___  
| |\/| |/ _ \ \ / / | '_ \ / _` | | __/ _ \ 
| |  | | (_) \ V /| | | | | (_| | | || (_) |
|_|  |_|\___/ \_/ |_|_| |_|\__, |  \__\___/ 
                            __/ |           
                           |___/            
 _   _           _     _                    _
| \ | |         | |   | |                  | |
|  \| | _____  _| |_  | |     _____   _____| |
| . ` |/ _ \ \/ / __| | |    / _ \ \ / / _ \ |
| |\  |  __/>  <| |_  | |___|  __/\ V /  __/ |
|_| \_|\___/_/\_ \__| |______\___| \_/ \___|_|
______________________________________________
   
** Third level has cdp neighbors. Standby while connecting to third level devices.....
   
   
* Authentication Error for 10.139.7.195
   
   
* Authentication Error for 10.139.7.194
   
   
* Authentication Error for 10.129.143.6
   
   
* Authentication Error for 10.139.7.192
   
   
*** Wrapping Up Third Level Devices...Preparing Fourth Level Connections.....
______________________________________________
 __  __            _               _        
|  \/  |          (_)             | |       
| \  / | _____   ___ _ __   __ _  | |_ ___  
| |\/| |/ _ \ \ / / | '_ \ / _` | | __/ _ \ 
| |  | | (_) \ V /| | | | | (_| | | || (_) |
|_|  |_|\___/ \_/ |_|_| |_|\__, |  \__\___/ 
                            __/ |           
                           |___/            
 _   _           _     _                    _
| \ | |         | |   | |                  | |
|  \| | _____  _| |_  | |     _____   _____| |
| . ` |/ _ \ \/ / __| | |    / _ \ \ / / _ \ |
| |\  |  __/>  <| |_  | |___|  __/\ V /  __/ |
|_| \_|\___/_/\_ \__| |______\___| \_/ \___|_|
______________________________________________
   
** No more cdp neighbors...
   
** Preparing final files to use in custom discovery and/or programming
   
** The Network Discovery N Automation Program (NDNA) Has Finished
